# JRE version: Java(TM) SE Runtime Environment (8.0_101-b13) (build 1.8.0_101-b13)
# Java VM: Java HotSpot(TM) 64-Bit Server VM (25.101-b13 mixed mode windows-amd64 compressed oops)
Heap:
 PSYoungGen      total 199680K, used 113691K [0x00000000eab00000, 0x00000000f8e80000, 0x0000000100000000)
  eden space 183296K, 62% used [0x00000000eab00000,0x00000000f1a06f38,0x00000000f5e00000)
  from space 16384K, 0% used [0x00000000f7380000,0x00000000f7380000,0x00000000f8380000)
  to   space 22016K, 0% used [0x00000000f5e00000,0x00000000f5e00000,0x00000000f7380000)
 ParOldGen       total 107008K, used 47609K [0x00000000c0000000, 0x00000000c6880000, 0x00000000eab00000)
  object space 107008K, 44% used [0x00000000c0000000,0x00000000c2e7e5f0,0x00000000c6880000)
 Metaspace       used 55874K, capacity 57992K, committed 58112K, reserved 1099776K
  class space    used 7652K, capacity 8133K, committed 8192K, reserved 1048576K
GC Heap History (10 events):
Event: 8.387 GC heap before
{Heap before GC invocations=11 (full 2):
 PSYoungGen      total 109568K, used 98816K [0x00000000eab00000, 0x00000000f3b80000, 0x0000000100000000)
  eden space 98816K, 100% used [0x00000000eab00000,0x00000000f0b80000,0x00000000f0b80000)
  from space 10752K, 0% used [0x00000000f1600000,0x00000000f1600000,0x00000000f2080000)
  to   space 10752K, 0% used [0x00000000f0b80000,0x00000000f0b80000,0x00000000f1600000)
 ParOldGen       total 107008K, used 14202K [0x00000000c0000000, 0x00000000c6880000, 0x00000000eab00000)
  object space 107008K, 13% used [0x00000000c0000000,0x00000000c0dde8c0,0x00000000c6880000)
 Metaspace       used 40873K, capacity 41726K, committed 41984K, reserved 1085440K
  class space    used 5607K, capacity 5851K, committed 5888K, reserved 1048576K
Event: 8.393 GC heap after
Heap after GC invocations=11 (full 2):
 PSYoungGen      total 109568K, used 10341K [0x00000000eab00000, 0x00000000f4b00000, 0x0000000100000000)
  eden space 98816K, 0% used [0x00000000eab00000,0x00000000eab00000,0x00000000f0b80000)
  from space 10752K, 96% used [0x00000000f0b80000,0x00000000f15995e8,0x00000000f1600000)
  to   space 11264K, 0% used [0x00000000f4000000,0x00000000f4000000,0x00000000f4b00000)
 ParOldGen       total 107008K, used 14210K [0x00000000c0000000, 0x00000000c6880000, 0x00000000eab00000)
  object space 107008K, 13% used [0x00000000c0000000,0x00000000c0de08c0,0x00000000c6880000)
 Metaspace       used 40873K, capacity 41726K, committed 41984K, reserved 1085440K
  class space    used 5607K, capacity 5851K, committed 5888K, reserved 1048576K
}
Event: 9.482 GC heap before
{Heap before GC invocations=12 (full 2):
 PSYoungGen      total 109568K, used 109157K [0x00000000eab00000, 0x00000000f4b00000, 0x0000000100000000)
  eden space 98816K, 100% used [0x00000000eab00000,0x00000000f0b80000,0x00000000f0b80000)
  from space 10752K, 96% used [0x00000000f0b80000,0x00000000f15995e8,0x00000000f1600000)
  to   space 11264K, 0% used [0x00000000f4000000,0x00000000f4000000,0x00000000f4b00000)
 ParOldGen       total 107008K, used 14210K [0x00000000c0000000, 0x00000000c6880000, 0x00000000eab00000)
  object space 107008K, 13% used [0x00000000c0000000,0x00000000c0de08c0,0x00000000c6880000)
 Metaspace       used 44815K, capacity 45690K, committed 45952K, reserved 1089536K
  class space    used 6035K, capacity 6255K, committed 6272K, reserved 1048576K
Event: 9.491 GC heap after
Heap after GC invocations=12 (full 2):
 PSYoungGen      total 149504K, used 11256K [0x00000000eab00000, 0x00000000f4b00000, 0x0000000100000000)
  eden space 138240K, 0% used [0x00000000eab00000,0x00000000eab00000,0x00000000f3200000)
  from space 11264K, 99% used [0x00000000f4000000,0x00000000f4afe3f8,0x00000000f4b00000)
  to   space 12288K, 0% used [0x00000000f3300000,0x00000000f3300000,0x00000000f3f00000)
 ParOldGen       total 107008K, used 14605K [0x00000000c0000000, 0x00000000c6880000, 0x00000000eab00000)
  object space 107008K, 13% used [0x00000000c0000000,0x00000000c0e43678,0x00000000c6880000)
 Metaspace       used 44815K, capacity 45690K, committed 45952K, reserved 1089536K
  class space    used 6035K, capacity 6255K, committed 6272K, reserved 1048576K
}
Event: 12.304 GC heap before
{Heap before GC invocations=13 (full 2):
 PSYoungGen      total 149504K, used 149496K [0x00000000eab00000, 0x00000000f4b00000, 0x0000000100000000)
  eden space 138240K, 100% used [0x00000000eab00000,0x00000000f3200000,0x00000000f3200000)
  from space 11264K, 99% used [0x00000000f4000000,0x00000000f4afe3f8,0x00000000f4b00000)
  to   space 12288K, 0% used [0x00000000f3300000,0x00000000f3300000,0x00000000f3f00000)
 ParOldGen       total 107008K, used 14605K [0x00000000c0000000, 0x00000000c6880000, 0x00000000eab00000)
  object space 107008K, 13% used [0x00000000c0000000,0x00000000c0e43678,0x00000000c6880000)
 Metaspace       used 51573K, capacity 52920K, committed 53120K, reserved 1095680K
  class space    used 6983K, capacity 7290K, committed 7296K, reserved 1048576K
Event: 12.324 GC heap after
Heap after GC invocations=13 (full 2):
 PSYoungGen      total 151552K, used 12273K [0x00000000eab00000, 0x00000000f8380000, 0x0000000100000000)
  eden space 139264K, 0% used [0x00000000eab00000,0x00000000eab00000,0x00000000f3300000)
  from space 12288K, 99% used [0x00000000f3300000,0x00000000f3efc6c8,0x00000000f3f00000)
  to   space 16384K, 0% used [0x00000000f7380000,0x00000000f7380000,0x00000000f8380000)
 ParOldGen       total 107008K, used 23683K [0x00000000c0000000, 0x00000000c6880000, 0x00000000eab00000)
  object space 107008K, 22% used [0x00000000c0000000,0x00000000c1720f20,0x00000000c6880000)
 Metaspace       used 51573K, capacity 52920K, committed 53120K, reserved 1095680K
  class space    used 6983K, capacity 7290K, committed 7296K, reserved 1048576K
}
Event: 13.838 GC heap before
{Heap before GC invocations=14 (full 2):
 PSYoungGen      total 151552K, used 116492K [0x00000000eab00000, 0x00000000f8380000, 0x0000000100000000)
  eden space 139264K, 74% used [0x00000000eab00000,0x00000000f10c6940,0x00000000f3300000)
  from space 12288K, 99% used [0x00000000f3300000,0x00000000f3efc6c8,0x00000000f3f00000)
  to   space 16384K, 0% used [0x00000000f7380000,0x00000000f7380000,0x00000000f8380000)
 ParOldGen       total 107008K, used 23683K [0x00000000c0000000, 0x00000000c6880000, 0x00000000eab00000)
  object space 107008K, 22% used [0x00000000c0000000,0x00000000c1720f20,0x00000000c6880000)
 Metaspace       used 54710K, capacity 56650K, committed 56960K, reserved 1097728K
  class space    used 7550K, capacity 7998K, committed 8064K, reserved 1048576K
Event: 13.870 GC heap after
Heap after GC invocations=14 (full 2):
 PSYoungGen      total 199680K, used 16363K [0x00000000eab00000, 0x00000000f8e80000, 0x0000000100000000)
  eden space 183296K, 0% used [0x00000000eab00000,0x00000000eab00000,0x00000000f5e00000)
  from space 16384K, 99% used [0x00000000f7380000,0x00000000f837acf0,0x00000000f8380000)
  to   space 22016K, 0% used [0x00000000f5e00000,0x00000000f5e00000,0x00000000f7380000)
 ParOldGen       total 107008K, used 33237K [0x00000000c0000000, 0x00000000c6880000, 0x00000000eab00000)
  object space 107008K, 31% used [0x00000000c0000000,0x00000000c2075688,0x00000000c6880000)
 Metaspace       used 54710K, capacity 56650K, committed 56960K, reserved 1097728K
  class space    used 7550K, capacity 7998K, committed 8064K, reserved 1048576K
}
Event: 13.870 GC heap before
{Heap before GC invocations=15 (full 3):
 PSYoungGen      total 199680K, used 16363K [0x00000000eab00000, 0x00000000f8e80000, 0x0000000100000000)
  eden space 183296K, 0% used [0x00000000eab00000,0x00000000eab00000,0x00000000f5e00000)
  from space 16384K, 99% used [0x00000000f7380000,0x00000000f837acf0,0x00000000f8380000)
  to   space 22016K, 0% used [0x00000000f5e00000,0x00000000f5e00000,0x00000000f7380000)
 ParOldGen       total 107008K, used 33237K [0x00000000c0000000, 0x00000000c6880000, 0x00000000eab00000)
  object space 107008K, 31% used [0x00000000c0000000,0x00000000c2075688,0x00000000c6880000)
 Metaspace       used 54710K, capacity 56650K, committed 56960K, reserved 1097728K
  class space    used 7550K, capacity 7998K, committed 8064K, reserved 1048576K
Event: 14.161 GC heap after
Heap after GC invocations=15 (full 3):
 PSYoungGen      total 199680K, used 0K [0x00000000eab00000, 0x00000000f8e80000, 0x0000000100000000)
  eden space 183296K, 0% used [0x00000000eab00000,0x00000000eab00000,0x00000000f5e00000)
  from space 16384K, 0% used [0x00000000f7380000,0x00000000f7380000,0x00000000f8380000)
  to   space 22016K, 0% used [0x00000000f5e00000,0x00000000f5e00000,0x00000000f7380000)
 ParOldGen       total 107008K, used 47609K [0x00000000c0000000, 0x00000000c6880000, 0x00000000eab00000)
  object space 107008K, 44% used [0x00000000c0000000,0x00000000c2e7e5f0,0x00000000c6880000)
 Metaspace       used 54710K, capacity 56650K, committed 56960K, reserved 1097728K
  class space    used 7550K, capacity 7998K, committed 8064K, reserved 1048576K
}

